0 info it worked if it ends with ok
1 verbose cli [ 'C:\\Program Files\\nodejs\\node.exe',
1 verbose cli   'C:\\Program Files\\nodejs\\node_modules\\npm\\bin\\npm-cli.js',
1 verbose cli   'run',
1 verbose cli   'smoke_qa' ]
2 info using npm@2.15.8
3 info using node@v4.4.7
4 verbose run-script [ 'presmoke_qa', 'smoke_qa', 'postsmoke_qa' ]
5 info presmoke_qa VET@1.0.0
6 info smoke_qa VET@1.0.0
7 verbose unsafe-perm in lifecycle true
8 info VET@1.0.0 Failed to exec smoke_qa script
9 verbose stack Error: VET@1.0.0 smoke_qa: `newman run VET_API_COLLECTION.json -e VET_API_QA_Environment.json --reporters cli,html,json,junit --reporter-html-export result_qa.html --reporter-json-export result_qa.json --reporter-junit-export result_qa.xml`
9 verbose stack Exit status 1
9 verbose stack     at EventEmitter.<anonymous> (C:\Program Files\nodejs\node_modules\npm\lib\utils\lifecycle.js:217:16)
9 verbose stack     at emitTwo (events.js:87:13)
9 verbose stack     at EventEmitter.emit (events.js:172:7)
9 verbose stack     at ChildProcess.<anonymous> (C:\Program Files\nodejs\node_modules\npm\lib\utils\spawn.js:24:14)
9 verbose stack     at emitTwo (events.js:87:13)
9 verbose stack     at ChildProcess.emit (events.js:172:7)
9 verbose stack     at maybeClose (internal/child_process.js:827:16)
9 verbose stack     at Process.ChildProcess._handle.onexit (internal/child_process.js:211:5)
10 verbose pkgid VET@1.0.0
11 verbose cwd C:\Users\meiyer\Documents\GitHub\postman
12 error Windows_NT 6.1.7601
13 error argv "C:\\Program Files\\nodejs\\node.exe" "C:\\Program Files\\nodejs\\node_modules\\npm\\bin\\npm-cli.js" "run" "smoke_qa"
14 error node v4.4.7
15 error npm  v2.15.8
16 error code ELIFECYCLE
17 error VET@1.0.0 smoke_qa: `newman run VET_API_COLLECTION.json -e VET_API_QA_Environment.json --reporters cli,html,json,junit --reporter-html-export result_qa.html --reporter-json-export result_qa.json --reporter-junit-export result_qa.xml`
17 error Exit status 1
18 error Failed at the VET@1.0.0 smoke_qa script 'newman run VET_API_COLLECTION.json -e VET_API_QA_Environment.json --reporters cli,html,json,junit --reporter-html-export result_qa.html --reporter-json-export result_qa.json --reporter-junit-export result_qa.xml'.
18 error This is most likely a problem with the VET package,
18 error not with npm itself.
18 error Tell the author that this fails on your system:
18 error     newman run VET_API_COLLECTION.json -e VET_API_QA_Environment.json --reporters cli,html,json,junit --reporter-html-export result_qa.html --reporter-json-export result_qa.json --reporter-junit-export result_qa.xml
18 error You can get information on how to open an issue for this project with:
18 error     npm bugs VET
18 error Or if that isn't available, you can get their info via:
18 error
18 error     npm owner ls VET
18 error There is likely additional logging output above.
19 verbose exit [ 1, true ]
